<?xml version="1.0" encoding="utf-8"?><testsuites name="pytest tests"><testsuite name="pytest" errors="0" failures="0" skipped="0" tests="16" time="2.660" timestamp="2026-09-07T08:07:18.862032+00:00" hostname="agent-env-96167ac7-c138-4df2-b50a-d4ed2c2da7a9"><testcase classname="backend.tests.test_inbox_iter23.TestContactsInbox" name="test_create_contact_public" time="0.161" /><testcase classname="backend.tests.test_inbox_iter23.TestContactsInbox" name="test_get_contacts_unauth" time="0.116" /><testcase classname="backend.tests.test_inbox_iter23.TestContactsInbox" name="test_get_contacts_returns_new_first" time="0.565" /><testcase classname="backend.tests.test_inbox_iter23.TestContactsInbox" name="test_patch_contact_status_unauth" time="0.118" /><testcase classname="backend.tests.test_inbox_iter23.TestContactsInbox" name="test_patch_contact_status_to_contacted" time="0.158" /><testcase classname="backend.tests.test_inbox_iter23.TestContactsInbox" name="test_get_contacts_filter_contacted" time="0.126" /><testcase classname="backend.tests.test_inbox_iter23.TestContactsInbox" name="test_patch_contact_invalid_status" time="0.124" /><testcase classname="backend.tests.test_inbox_iter23.TestContactsInbox" name="test_patch_contact_unknown_id" time="0.123" /><testcase classname="backend.tests.test_inbox_iter23.TestBookingsInbox" name="test_create_booking_public" time="0.122" /><testcase classname="backend.tests.test_inbox_iter23.TestBookingsInbox" name="test_get_bookings_unauth" time="0.129" /><testcase classname="backend.tests.test_inbox_iter23.TestBookingsInbox" name="test_get_bookings_newest_first" time="0.134" /><testcase classname="backend.tests.test_inbox_iter23.TestBookingsInbox" name="test_patch_booking_unauth" time="0.119" /><testcase classname="backend.tests.test_inbox_iter23.TestBookingsInbox" name="test_patch_booking_to_confirmed" time="0.145" /><testcase classname="backend.tests.test_inbox_iter23.TestBookingsInbox" name="test_get_bookings_filter_confirmed" time="0.123" /><testcase classname="backend.tests.test_inbox_iter23.TestBookingsInbox" name="test_patch_booking_invalid_status" time="0.119" /><testcase classname="backend.tests.test_inbox_iter23.TestBookingsInbox" name="test_patch_booking_unknown_id" time="0.136" /></testsuite></testsuites>