<?xml version="1.0" encoding="utf-8"?><testsuites name="pytest tests"><testsuite name="pytest" errors="0" failures="0" skipped="0" tests="116" time="35.131" timestamp="2026-09-07T17:51:53.236532+00:00" hostname="agent-env-96167ac7-c138-4df2-b50a-d4ed2c2da7a9"><testcase classname="tests.test_cms_api.TestAuth" name="test_login_success_returns_user_and_cookies" time="0.545" /><testcase classname="tests.test_cms_api.TestAuth" name="test_get_me_with_valid_cookie" time="0.463" /><testcase classname="tests.test_cms_api.TestAuth" name="test_get_me_without_cookie_returns_401" time="0.129" /><testcase classname="tests.test_cms_api.TestArticlesPublic" name="test_get_articles_returns_list_with_total" time="0.141" /><testcase classname="tests.test_cms_api.TestArticlesPublic" name="test_articles_have_public_shape" time="0.163" /><testcase classname="tests.test_cms_api.TestArticlesPublic" name="test_filter_by_category_awards" time="0.135" /><testcase classname="tests.test_cms_api.TestArticlesPublic" name="test_search_by_title_brand" time="0.171" /><testcase classname="tests.test_cms_api.TestArticlesPublic" name="test_filter_featured_true" time="0.169" /><testcase classname="tests.test_cms_api.TestArticlesCRUD" name="test_create_article_unauthenticated_returns_401" time="0.130" /><testcase classname="tests.test_cms_api.TestArticlesCRUD" name="test_create_article_authenticated" time="0.231" /><testcase classname="tests.test_cms_api.TestArticlesCRUD" name="test_update_article" time="0.245" /><testcase classname="tests.test_cms_api.TestArticlesCRUD" name="test_delete_article" time="0.214" /><testcase classname="tests.test_cms_api.TestBruteForce" name="test_five_failed_logins_returns_429" time="0.869" /><testcase classname="tests.test_egmg_api.TestHealthEndpoint" name="test_api_root_returns_success" time="0.124" /><testcase classname="tests.test_egmg_api.TestContactFormAPI" name="test_contact_form_valid_submission" time="0.149" /><testcase classname="tests.test_egmg_api.TestContactFormAPI" name="test_contact_form_without_company" time="0.126" /><testcase classname="tests.test_egmg_api.TestContactFormAPI" name="test_contact_form_missing_required_fields" time="0.172" /><testcase classname="tests.test_egmg_api.TestContactFormAPI" name="test_contact_form_invalid_email_format" time="0.136" /><testcase classname="tests.test_egmg_api.TestContactFormAPI" name="test_contact_form_empty_message" time="0.137" /><testcase classname="tests.test_egmg_api.TestContactsListAPI" name="test_get_contacts_list" time="0.427" /><testcase classname="tests.test_egmg_api.TestContactsListAPI" name="test_get_contacts_with_pagination" time="0.510" /><testcase classname="tests.test_egmg_api.TestContactsListAPI" name="test_contact_persistence" time="0.642" /><testcase classname="tests.test_egmg_api.TestEnquiryTypes" name="test_various_enquiry_types[General Enquiry]" time="0.155" /><testcase classname="tests.test_egmg_api.TestEnquiryTypes" name="test_various_enquiry_types[Car Rental]" time="0.140" /><testcase classname="tests.test_egmg_api.TestEnquiryTypes" name="test_various_enquiry_types[Vehicle Leasing]" time="0.161" /><testcase classname="tests.test_egmg_api.TestEnquiryTypes" name="test_various_enquiry_types[Chauffeur Service]" time="0.134" /><testcase classname="tests.test_egmg_api.TestEnquiryTypes" name="test_various_enquiry_types[Corporate Fleet]" time="0.135" /><testcase classname="tests.test_egmg_api.TestEnquiryTypes" name="test_various_enquiry_types[Used Cars]" time="0.130" /><testcase classname="tests.test_egmg_api.TestEnquiryTypes" name="test_various_enquiry_types[Other]" time="0.140" /><testcase classname="tests.test_inbox_iter23.TestContactsInbox" name="test_create_contact_public" time="0.145" /><testcase classname="tests.test_inbox_iter23.TestContactsInbox" name="test_get_contacts_unauth" time="0.159" /><testcase classname="tests.test_inbox_iter23.TestContactsInbox" name="test_get_contacts_returns_new_first" time="0.526" /><testcase classname="tests.test_inbox_iter23.TestContactsInbox" name="test_patch_contact_status_unauth" time="0.131" /><testcase classname="tests.test_inbox_iter23.TestContactsInbox" name="test_patch_contact_status_to_contacted" time="0.184" /><testcase classname="tests.test_inbox_iter23.TestContactsInbox" name="test_get_contacts_filter_contacted" time="0.135" /><testcase classname="tests.test_inbox_iter23.TestContactsInbox" name="test_patch_contact_invalid_status" time="0.176" /><testcase classname="tests.test_inbox_iter23.TestContactsInbox" name="test_patch_contact_unknown_id" time="0.130" /><testcase classname="tests.test_inbox_iter23.TestBookingsInbox" name="test_create_booking_public" time="0.155" /><testcase classname="tests.test_inbox_iter23.TestBookingsInbox" name="test_get_bookings_unauth" time="0.141" /><testcase classname="tests.test_inbox_iter23.TestBookingsInbox" name="test_get_bookings_newest_first" time="0.154" /><testcase classname="tests.test_inbox_iter23.TestBookingsInbox" name="test_patch_booking_unauth" time="0.147" /><testcase classname="tests.test_inbox_iter23.TestBookingsInbox" name="test_patch_booking_to_confirmed" time="0.171" /><testcase classname="tests.test_inbox_iter23.TestBookingsInbox" name="test_get_bookings_filter_confirmed" time="0.165" /><testcase classname="tests.test_inbox_iter23.TestBookingsInbox" name="test_patch_booking_invalid_status" time="0.139" /><testcase classname="tests.test_inbox_iter23.TestBookingsInbox" name="test_patch_booking_unknown_id" time="0.207" /><testcase classname="tests.test_iter24_arabic_alerts.TestArabicArticles" name="test_create_article_with_arabic" time="0.425" /><testcase classname="tests.test_iter24_arabic_alerts.TestArabicArticles" name="test_get_article_returns_ar" time="0.158" /><testcase classname="tests.test_iter24_arabic_alerts.TestArabicArticles" name="test_update_article_title_ar" time="0.081" /><testcase classname="tests.test_iter24_arabic_alerts.TestArabicArticles" name="test_search_by_title_ar" time="0.212" /><testcase classname="tests.test_iter24_arabic_alerts.TestArabicArticles" name="test_search_by_title_en" time="0.130" /><testcase classname="tests.test_iter24_arabic_alerts.TestArabicArticles" name="test_title_ar_too_long_rejected" time="0.077" /><testcase classname="tests.test_iter24_arabic_alerts.TestArabicArticles" name="test_zzz_cleanup_article" time="0.077" /><testcase classname="tests.test_iter24_arabic_alerts.TestEmailAlerts" name="test_alerts_status_unauth" time="0.149" /><testcase classname="tests.test_iter24_arabic_alerts.TestEmailAlerts" name="test_alerts_status_auth" time="0.078" /><testcase classname="tests.test_iter24_arabic_alerts.TestEmailAlerts" name="test_contact_post_fast" time="0.152" /><testcase classname="tests.test_iter24_arabic_alerts.TestEmailAlerts" name="test_booking_post_fast" time="0.144" /><testcase classname="tests.test_iter24_arabic_alerts.TestEmailAlerts" name="test_backend_log_has_skip_lines" time="2.004" /><testcase classname="tests.test_iter24_arabic_alerts.TestEmailAlerts" name="test_zzz_cleanup_docs" time="0.006" /><testcase classname="tests.test_iter25_email_confirmations" name="test_contact_confirmation_and_alert_skip_logs" time="1.652" /><testcase classname="tests.test_iter25_email_confirmations" name="test_booking_confirmation_and_alert_skip_logs" time="1.650" /><testcase classname="tests.test_iter25_email_confirmations" name="test_email_preview_requires_auth" time="0.207" /><testcase classname="tests.test_iter25_email_confirmations" name="test_email_preview_booking" time="0.428" /><testcase classname="tests.test_iter25_email_confirmations" name="test_email_preview_contact" time="0.074" /><testcase classname="tests.test_iter25_email_confirmations" name="test_contact_confirmation_html_escaping" time="0.006" /><testcase classname="tests.test_iter25_email_confirmations" name="test_cleanup_test_docs" time="0.008" /><testcase classname="tests.test_iter28_careers_security" name="test_apply_stores_submission_fields" time="0.011" /><testcase classname="tests.test_iter28_careers_security" name="test_cv_download_requires_admin" time="0.580" /><testcase classname="tests.test_iter28_careers_security" name="test_application_visible_in_admin_inbox" time="0.090" /><testcase classname="tests.test_iter28_careers_security" name="test_apply_rejects_bad_extension" time="0.005" /><testcase classname="tests.test_iter28_careers_security" name="test_apply_rejects_mismatched_magic_bytes" time="0.005" /><testcase classname="tests.test_iter28_careers_security" name="test_apply_rejects_invalid_email_and_linkedin" time="0.006" /><testcase classname="tests.test_iter28_careers_security" name="test_apply_rejects_blank_name" time="0.005" /><testcase classname="tests.test_iter28_careers_security" name="test_apply_rate_limit_per_ip" time="0.024" /><testcase classname="tests.test_iter28_careers_security" name="test_contact_rate_limit_ignores_spoofed_xff_via_public_proxy" time="4.080" /><testcase classname="tests.test_iter28_careers_security" name="test_contact_rate_limit_local_trusted_hops" time="0.061" /><testcase classname="tests.test_iter28_careers_security" name="test_contact_rejects_blank_fields" time="0.005" /><testcase classname="tests.test_iter28_careers_security" name="test_booking_rate_limit" time="0.058" /><testcase classname="tests.test_iter28_careers_security" name="test_no_standalone_egmg_in_public_articles" time="0.157" /><testcase classname="tests.test_iter28_careers_security" name="test_root_message_uses_full_brand" time="0.142" /><testcase classname="tests.test_lockout_iter22" name="test_public_lockout_via_xff" time="0.886" /><testcase classname="tests.test_lockout_iter22" name="test_admin_still_works_after_other_email_locked" time="1.307" /><testcase classname="tests.test_lockout_iter22" name="test_success_resets_counter" time="2.985" /><testcase classname="tests.test_lockout_iter22" name="test_xff_header_used_on_localhost" time="0.022" /><testcase classname="tests.test_lockout_iter22" name="test_account_level_throttle" time="0.058" /><testcase classname="tests.test_lockout_iter22" name="test_contacts_still_requires_auth" time="0.149" /><testcase classname="tests.test_lockout_iter22" name="test_public_contact_ok" time="0.152" /><testcase classname="tests.test_lockout_iter22" name="test_articles_list_ok" time="0.163" /><testcase classname="tests.test_security_audit" name="test_contacts_requires_auth" time="0.154" /><testcase classname="tests.test_security_audit" name="test_bookings_requires_auth" time="0.147" /><testcase classname="tests.test_security_audit" name="test_contacts_with_bearer" time="0.585" /><testcase classname="tests.test_security_audit" name="test_bookings_with_bearer" time="0.130" /><testcase classname="tests.test_security_audit" name="test_login_sets_cookies" time="0.606" /><testcase classname="tests.test_security_audit" name="test_me_with_cookie" time="0.475" /><testcase classname="tests.test_security_audit" name="test_refresh" time="0.075" /><testcase classname="tests.test_security_audit" name="test_logout_and_wrong_password" time="0.630" /><testcase classname="tests.test_security_audit" name="test_bruteforce_lockout" time="0.012" /><testcase classname="tests.test_security_audit" name="test_article_video_js_scheme_rejected" time="0.129" /><testcase classname="tests.test_security_audit" name="test_article_video_bad_host_rejected" time="0.130" /><testcase classname="tests.test_security_audit" name="test_article_video_youtube_ok" time="0.294" /><testcase classname="tests.test_security_audit" name="test_article_image_js_rejected" time="0.150" /><testcase classname="tests.test_security_audit" name="test_article_image_upload_path_ok" time="0.273" /><testcase classname="tests.test_security_audit" name="test_article_pdf_https_ok" time="0.310" /><testcase classname="tests.test_security_audit" name="test_article_update_data_scheme_rejected" time="0.461" /><testcase classname="tests.test_security_audit" name="test_upload_unauth" time="0.125" /><testcase classname="tests.test_security_audit" name="test_upload_fake_png_rejected" time="0.153" /><testcase classname="tests.test_security_audit" name="test_upload_real_png_ok" time="0.264" /><testcase classname="tests.test_security_audit" name="test_upload_exe_rejected" time="0.150" /><testcase classname="tests.test_security_audit" name="test_upload_svg_rejected" time="0.147" /><testcase classname="tests.test_security_audit" name="test_regex_search_safe" time="0.142" /><testcase classname="tests.test_security_audit" name="test_search_matches" time="0.170" /><testcase classname="tests.test_security_audit" name="test_cors_evil_origin_blocked" time="0.004" /><testcase classname="tests.test_security_audit" name="test_cors_allowed_origin" time="0.004" /><testcase classname="tests.test_security_audit" name="test_public_contact" time="0.130" /><testcase classname="tests.test_security_audit" name="test_public_booking" time="0.135" /><testcase classname="tests.test_security_audit" name="test_articles_list" time="0.134" /><testcase classname="tests.test_security_audit" name="test_article_by_id" time="0.328" /></testsuite></testsuites>