<?xml version="1.0" encoding="utf-8"?><testsuites name="pytest tests"><testsuite name="pytest" errors="0" failures="0" skipped="0" tests="12" time="4.645" timestamp="2026-09-07T16:56:33.997699+00:00" hostname="agent-env-96167ac7-c138-4df2-b50a-d4ed2c2da7a9"><testcase classname="backend.tests.test_iter28_careers_security" name="test_apply_creates_submission_with_cv" time="0.869" /><testcase classname="backend.tests.test_iter28_careers_security" name="test_apply_rejects_bad_extension" time="0.003" /><testcase classname="backend.tests.test_iter28_careers_security" name="test_apply_rejects_mismatched_magic_bytes" time="0.003" /><testcase classname="backend.tests.test_iter28_careers_security" name="test_apply_rejects_invalid_email_and_linkedin" time="0.005" /><testcase classname="backend.tests.test_iter28_careers_security" name="test_apply_rejects_blank_name" time="0.003" /><testcase classname="backend.tests.test_iter28_careers_security" name="test_apply_rate_limit_per_ip" time="0.025" /><testcase classname="backend.tests.test_iter28_careers_security" name="test_contact_rate_limit_ignores_spoofed_xff_via_public_proxy" time="3.204" /><testcase classname="backend.tests.test_iter28_careers_security" name="test_contact_rate_limit_local_trusted_hops" time="0.062" /><testcase classname="backend.tests.test_iter28_careers_security" name="test_contact_rejects_blank_fields" time="0.003" /><testcase classname="backend.tests.test_iter28_careers_security" name="test_booking_rate_limit" time="0.062" /><testcase classname="backend.tests.test_iter28_careers_security" name="test_no_standalone_egmg_in_public_articles" time="0.143" /><testcase classname="backend.tests.test_iter28_careers_security" name="test_root_message_uses_full_brand" time="0.133" /></testsuite></testsuites>