<?xml version="1.0" encoding="utf-8"?><testsuites name="pytest tests"><testsuite name="pytest" errors="0" failures="0" skipped="0" tests="7" time="4.136" timestamp="2026-09-07T09:33:14.879449+00:00" hostname="agent-env-96167ac7-c138-4df2-b50a-d4ed2c2da7a9"><testcase classname="backend.tests.test_iter25_email_confirmations" name="test_contact_confirmation_and_alert_skip_logs" time="1.670" /><testcase classname="backend.tests.test_iter25_email_confirmations" name="test_booking_confirmation_and_alert_skip_logs" time="1.647" /><testcase classname="backend.tests.test_iter25_email_confirmations" name="test_email_preview_requires_auth" time="0.125" /><testcase classname="backend.tests.test_iter25_email_confirmations" name="test_email_preview_booking" time="0.434" /><testcase classname="backend.tests.test_iter25_email_confirmations" name="test_email_preview_contact" time="0.069" /><testcase classname="backend.tests.test_iter25_email_confirmations" name="test_contact_confirmation_html_escaping" time="0.004" /><testcase classname="backend.tests.test_iter25_email_confirmations" name="test_cleanup_test_docs" time="0.010" /></testsuite></testsuites>