<?xml version="1.0" encoding="utf-8"?><testsuites name="pytest tests"><testsuite name="pytest" errors="0" failures="0" skipped="0" tests="13" time="3.918" timestamp="2026-09-07T08:31:05.452632+00:00" hostname="agent-env-96167ac7-c138-4df2-b50a-d4ed2c2da7a9"><testcase classname="backend.tests.test_iter24_arabic_alerts.TestArabicArticles" name="test_create_article_with_arabic" time="0.611" /><testcase classname="backend.tests.test_iter24_arabic_alerts.TestArabicArticles" name="test_get_article_returns_ar" time="0.222" /><testcase classname="backend.tests.test_iter24_arabic_alerts.TestArabicArticles" name="test_update_article_title_ar" time="0.070" /><testcase classname="backend.tests.test_iter24_arabic_alerts.TestArabicArticles" name="test_search_by_title_ar" time="0.120" /><testcase classname="backend.tests.test_iter24_arabic_alerts.TestArabicArticles" name="test_search_by_title_en" time="0.119" /><testcase classname="backend.tests.test_iter24_arabic_alerts.TestArabicArticles" name="test_title_ar_too_long_rejected" time="0.068" /><testcase classname="backend.tests.test_iter24_arabic_alerts.TestArabicArticles" name="test_zzz_cleanup_article" time="0.068" /><testcase classname="backend.tests.test_iter24_arabic_alerts.TestEmailAlerts" name="test_alerts_status_unauth" time="0.166" /><testcase classname="backend.tests.test_iter24_arabic_alerts.TestEmailAlerts" name="test_alerts_status_auth" time="0.069" /><testcase classname="backend.tests.test_iter24_arabic_alerts.TestEmailAlerts" name="test_contact_post_fast" time="0.140" /><testcase classname="backend.tests.test_iter24_arabic_alerts.TestEmailAlerts" name="test_booking_post_fast" time="0.112" /><testcase classname="backend.tests.test_iter24_arabic_alerts.TestEmailAlerts" name="test_backend_log_has_skip_lines" time="2.001" /><testcase classname="backend.tests.test_iter24_arabic_alerts.TestEmailAlerts" name="test_zzz_cleanup_docs" time="0.082" /></testsuite></testsuites>