<?xml version="1.0" encoding="utf-8"?><testsuites name="pytest tests"><testsuite name="pytest" errors="0" failures="1" skipped="0" tests="29" time="7.012" timestamp="2026-09-07T06:21:48.613115+00:00" hostname="agent-env-96167ac7-c138-4df2-b50a-d4ed2c2da7a9"><testcase classname="backend.tests.test_security_audit" name="test_contacts_requires_auth" time="0.283" /><testcase classname="backend.tests.test_security_audit" name="test_bookings_requires_auth" time="0.146" /><testcase classname="backend.tests.test_security_audit" name="test_contacts_with_bearer" time="0.520" /><testcase classname="backend.tests.test_security_audit" name="test_bookings_with_bearer" time="0.147" /><testcase classname="backend.tests.test_security_audit" name="test_login_sets_cookies" time="0.593" /><testcase classname="backend.tests.test_security_audit" name="test_me_with_cookie" time="0.399" /><testcase classname="backend.tests.test_security_audit" name="test_refresh" time="0.073" /><testcase classname="backend.tests.test_security_audit" name="test_logout_and_wrong_password" time="0.522" /><testcase classname="backend.tests.test_security_audit" name="test_bruteforce_lockout" time="0.741"><failure message="assert 401 == 429&#10; +  where 401 = &lt;Response [401]&gt;.status_code">backend/tests/test_security_audit.py:109: in test_bruteforce_lockout
    assert r.status_code == 429
E   assert 401 == 429
E    +  where 401 = &lt;Response [401]&gt;.status_code</failure></testcase><testcase classname="backend.tests.test_security_audit" name="test_article_video_js_scheme_rejected" time="0.134" /><testcase classname="backend.tests.test_security_audit" name="test_article_video_bad_host_rejected" time="0.117" /><testcase classname="backend.tests.test_security_audit" name="test_article_video_youtube_ok" time="0.249" /><testcase classname="backend.tests.test_security_audit" name="test_article_image_js_rejected" time="0.112" /><testcase classname="backend.tests.test_security_audit" name="test_article_image_upload_path_ok" time="0.271" /><testcase classname="backend.tests.test_security_audit" name="test_article_pdf_https_ok" time="0.239" /><testcase classname="backend.tests.test_security_audit" name="test_article_update_data_scheme_rejected" time="0.381" /><testcase classname="backend.tests.test_security_audit" name="test_upload_unauth" time="0.111" /><testcase classname="backend.tests.test_security_audit" name="test_upload_fake_png_rejected" time="0.135" /><testcase classname="backend.tests.test_security_audit" name="test_upload_real_png_ok" time="0.328" /><testcase classname="backend.tests.test_security_audit" name="test_upload_exe_rejected" time="0.117" /><testcase classname="backend.tests.test_security_audit" name="test_upload_svg_rejected" time="0.112" /><testcase classname="backend.tests.test_security_audit" name="test_regex_search_safe" time="0.113" /><testcase classname="backend.tests.test_security_audit" name="test_search_matches" time="0.163" /><testcase classname="backend.tests.test_security_audit" name="test_cors_evil_origin_blocked" time="0.002" /><testcase classname="backend.tests.test_security_audit" name="test_cors_allowed_origin" time="0.001" /><testcase classname="backend.tests.test_security_audit" name="test_public_contact" time="0.124" /><testcase classname="backend.tests.test_security_audit" name="test_public_booking" time="0.146" /><testcase classname="backend.tests.test_security_audit" name="test_articles_list" time="0.117" /><testcase classname="backend.tests.test_security_audit" name="test_article_by_id" time="0.248" /></testsuite></testsuites>