<?xml version="1.0" encoding="utf-8"?><testsuites name="pytest tests"><testsuite name="pytest" errors="0" failures="0" skipped="0" tests="65" time="16.166" timestamp="2026-09-07T09:58:31.489847+00:00" hostname="agent-env-96167ac7-c138-4df2-b50a-d4ed2c2da7a9"><testcase classname="tests.test_inbox_iter23.TestContactsInbox" name="test_create_contact_public" time="0.273" /><testcase classname="tests.test_inbox_iter23.TestContactsInbox" name="test_get_contacts_unauth" time="0.128" /><testcase classname="tests.test_inbox_iter23.TestContactsInbox" name="test_get_contacts_returns_new_first" time="0.466" /><testcase classname="tests.test_inbox_iter23.TestContactsInbox" name="test_patch_contact_status_unauth" time="0.126" /><testcase classname="tests.test_inbox_iter23.TestContactsInbox" name="test_patch_contact_status_to_contacted" time="0.135" /><testcase classname="tests.test_inbox_iter23.TestContactsInbox" name="test_get_contacts_filter_contacted" time="0.124" /><testcase classname="tests.test_inbox_iter23.TestContactsInbox" name="test_patch_contact_invalid_status" time="0.125" /><testcase classname="tests.test_inbox_iter23.TestContactsInbox" name="test_patch_contact_unknown_id" time="0.123" /><testcase classname="tests.test_inbox_iter23.TestBookingsInbox" name="test_create_booking_public" time="0.125" /><testcase classname="tests.test_inbox_iter23.TestBookingsInbox" name="test_get_bookings_unauth" time="0.180" /><testcase classname="tests.test_inbox_iter23.TestBookingsInbox" name="test_get_bookings_newest_first" time="0.125" /><testcase classname="tests.test_inbox_iter23.TestBookingsInbox" name="test_patch_booking_unauth" time="0.138" /><testcase classname="tests.test_inbox_iter23.TestBookingsInbox" name="test_patch_booking_to_confirmed" time="0.125" /><testcase classname="tests.test_inbox_iter23.TestBookingsInbox" name="test_get_bookings_filter_confirmed" time="0.123" /><testcase classname="tests.test_inbox_iter23.TestBookingsInbox" name="test_patch_booking_invalid_status" time="0.131" /><testcase classname="tests.test_inbox_iter23.TestBookingsInbox" name="test_patch_booking_unknown_id" time="0.133" /><testcase classname="tests.test_iter24_arabic_alerts.TestArabicArticles" name="test_create_article_with_arabic" time="0.397" /><testcase classname="tests.test_iter24_arabic_alerts.TestArabicArticles" name="test_get_article_returns_ar" time="0.132" /><testcase classname="tests.test_iter24_arabic_alerts.TestArabicArticles" name="test_update_article_title_ar" time="0.075" /><testcase classname="tests.test_iter24_arabic_alerts.TestArabicArticles" name="test_search_by_title_ar" time="0.148" /><testcase classname="tests.test_iter24_arabic_alerts.TestArabicArticles" name="test_search_by_title_en" time="0.129" /><testcase classname="tests.test_iter24_arabic_alerts.TestArabicArticles" name="test_title_ar_too_long_rejected" time="0.074" /><testcase classname="tests.test_iter24_arabic_alerts.TestArabicArticles" name="test_zzz_cleanup_article" time="0.067" /><testcase classname="tests.test_iter24_arabic_alerts.TestEmailAlerts" name="test_alerts_status_unauth" time="0.158" /><testcase classname="tests.test_iter24_arabic_alerts.TestEmailAlerts" name="test_alerts_status_auth" time="0.076" /><testcase classname="tests.test_iter24_arabic_alerts.TestEmailAlerts" name="test_contact_post_fast" time="0.123" /><testcase classname="tests.test_iter24_arabic_alerts.TestEmailAlerts" name="test_booking_post_fast" time="0.141" /><testcase classname="tests.test_iter24_arabic_alerts.TestEmailAlerts" name="test_backend_log_has_skip_lines" time="2.001" /><testcase classname="tests.test_iter24_arabic_alerts.TestEmailAlerts" name="test_zzz_cleanup_docs" time="0.006" /><testcase classname="tests.test_iter25_email_confirmations" name="test_contact_confirmation_and_alert_skip_logs" time="1.663" /><testcase classname="tests.test_iter25_email_confirmations" name="test_booking_confirmation_and_alert_skip_logs" time="1.649" /><testcase classname="tests.test_iter25_email_confirmations" name="test_email_preview_requires_auth" time="0.122" /><testcase classname="tests.test_iter25_email_confirmations" name="test_email_preview_booking" time="0.392" /><testcase classname="tests.test_iter25_email_confirmations" name="test_email_preview_contact" time="0.070" /><testcase classname="tests.test_iter25_email_confirmations" name="test_contact_confirmation_html_escaping" time="0.006" /><testcase classname="tests.test_iter25_email_confirmations" name="test_cleanup_test_docs" time="0.009" /><testcase classname="tests.test_security_audit" name="test_contacts_requires_auth" time="0.131" /><testcase classname="tests.test_security_audit" name="test_bookings_requires_auth" time="0.168" /><testcase classname="tests.test_security_audit" name="test_contacts_with_bearer" time="0.449" /><testcase classname="tests.test_security_audit" name="test_bookings_with_bearer" time="0.126" /><testcase classname="tests.test_security_audit" name="test_login_sets_cookies" time="0.540" /><testcase classname="tests.test_security_audit" name="test_me_with_cookie" time="0.460" /><testcase classname="tests.test_security_audit" name="test_refresh" time="0.079" /><testcase classname="tests.test_security_audit" name="test_logout_and_wrong_password" time="0.555" /><testcase classname="tests.test_security_audit" name="test_bruteforce_lockout" time="0.026" /><testcase classname="tests.test_security_audit" name="test_article_video_js_scheme_rejected" time="0.122" /><testcase classname="tests.test_security_audit" name="test_article_video_bad_host_rejected" time="0.142" /><testcase classname="tests.test_security_audit" name="test_article_video_youtube_ok" time="0.279" /><testcase classname="tests.test_security_audit" name="test_article_image_js_rejected" time="0.150" /><testcase classname="tests.test_security_audit" name="test_article_image_upload_path_ok" time="0.267" /><testcase classname="tests.test_security_audit" name="test_article_pdf_https_ok" time="0.259" /><testcase classname="tests.test_security_audit" name="test_article_update_data_scheme_rejected" time="0.456" /><testcase classname="tests.test_security_audit" name="test_upload_unauth" time="0.128" /><testcase classname="tests.test_security_audit" name="test_upload_fake_png_rejected" time="0.121" /><testcase classname="tests.test_security_audit" name="test_upload_real_png_ok" time="0.302" /><testcase classname="tests.test_security_audit" name="test_upload_exe_rejected" time="0.125" /><testcase classname="tests.test_security_audit" name="test_upload_svg_rejected" time="0.118" /><testcase classname="tests.test_security_audit" name="test_regex_search_safe" time="0.125" /><testcase classname="tests.test_security_audit" name="test_search_matches" time="0.168" /><testcase classname="tests.test_security_audit" name="test_cors_evil_origin_blocked" time="0.002" /><testcase classname="tests.test_security_audit" name="test_cors_allowed_origin" time="0.002" /><testcase classname="tests.test_security_audit" name="test_public_contact" time="0.124" /><testcase classname="tests.test_security_audit" name="test_public_booking" time="0.124" /><testcase classname="tests.test_security_audit" name="test_articles_list" time="0.150" /><testcase classname="tests.test_security_audit" name="test_article_by_id" time="0.248" /></testsuite></testsuites>