<?xml version="1.0" encoding="utf-8"?><testsuites name="pytest tests"><testsuite name="pytest" errors="0" failures="0" skipped="0" tests="8" time="5.390" timestamp="2026-09-07T06:29:59.994864+00:00" hostname="agent-env-96167ac7-c138-4df2-b50a-d4ed2c2da7a9"><testcase classname="backend.tests.test_lockout_iter22" name="test_public_lockout_via_xff" time="0.893" /><testcase classname="backend.tests.test_lockout_iter22" name="test_admin_still_works_after_other_email_locked" time="1.128" /><testcase classname="backend.tests.test_lockout_iter22" name="test_success_resets_counter" time="2.756" /><testcase classname="backend.tests.test_lockout_iter22" name="test_xff_header_used_on_localhost" time="0.026" /><testcase classname="backend.tests.test_lockout_iter22" name="test_account_level_throttle" time="0.083" /><testcase classname="backend.tests.test_lockout_iter22" name="test_contacts_still_requires_auth" time="0.107" /><testcase classname="backend.tests.test_lockout_iter22" name="test_public_contact_ok" time="0.114" /><testcase classname="backend.tests.test_lockout_iter22" name="test_articles_list_ok" time="0.132" /></testsuite></testsuites>