<?xml version="1.0" encoding="utf-8"?><testsuites name="pytest tests"><testsuite name="pytest" errors="0" failures="1" skipped="0" tests="12" time="2.984" timestamp="2026-04-22T18:33:27.155405+00:00" hostname="agent-env-96167ac7-c138-4df2-b50a-d4ed2c2da7a9"><testcase classname="backend.tests.test_cms_api.TestAuth" name="test_login_success_returns_user_and_cookies" time="0.501" /><testcase classname="backend.tests.test_cms_api.TestAuth" name="test_get_me_with_valid_cookie" time="0.397" /><testcase classname="backend.tests.test_cms_api.TestAuth" name="test_get_me_without_cookie_returns_401" time="0.144" /><testcase classname="backend.tests.test_cms_api.TestArticlesPublic" name="test_get_articles_returns_list_with_total" time="0.117" /><testcase classname="backend.tests.test_cms_api.TestArticlesPublic" name="test_filter_by_category_awards" time="0.141" /><testcase classname="backend.tests.test_cms_api.TestArticlesPublic" name="test_search_by_title_egmg" time="0.103" /><testcase classname="backend.tests.test_cms_api.TestArticlesPublic" name="test_filter_featured_true" time="0.119" /><testcase classname="backend.tests.test_cms_api.TestArticlesCRUD" name="test_create_article_unauthenticated_returns_401" time="0.113" /><testcase classname="backend.tests.test_cms_api.TestArticlesCRUD" name="test_create_article_authenticated" time="0.193" /><testcase classname="backend.tests.test_cms_api.TestArticlesCRUD" name="test_update_article" time="0.163" /><testcase classname="backend.tests.test_cms_api.TestArticlesCRUD" name="test_delete_article" time="0.152" /><testcase classname="backend.tests.test_cms_api.TestBruteForce" name="test_five_failed_logins_returns_429" time="0.759"><failure message="AssertionError: Expected 429 after 5 failures, last got 401&#10;assert 401 == 429">backend/tests/test_cms_api.py:169: in test_five_failed_logins_returns_429
    assert last_status == 429, f"Expected 429 after 5 failures, last got {last_status}"
E   AssertionError: Expected 429 after 5 failures, last got 401
E   assert 401 == 429</failure></testcase></testsuite></testsuites>