<?xml version="1.0" encoding="utf-8"?><testsuites name="pytest tests"><testsuite name="pytest" errors="0" failures="0" skipped="0" tests="16" time="2.102" timestamp="2026-04-05T20:44:50.239067+00:00" hostname="agent-env-96167ac7-c138-4df2-b50a-d4ed2c2da7a9"><testcase classname="backend.tests.test_egmg_api.TestHealthEndpoint" name="test_api_root_returns_success" time="0.118" /><testcase classname="backend.tests.test_egmg_api.TestContactFormAPI" name="test_contact_form_valid_submission" time="0.123" /><testcase classname="backend.tests.test_egmg_api.TestContactFormAPI" name="test_contact_form_without_company" time="0.101" /><testcase classname="backend.tests.test_egmg_api.TestContactFormAPI" name="test_contact_form_missing_required_fields" time="0.132" /><testcase classname="backend.tests.test_egmg_api.TestContactFormAPI" name="test_contact_form_invalid_email_format" time="0.105" /><testcase classname="backend.tests.test_egmg_api.TestContactFormAPI" name="test_contact_form_empty_message" time="0.100" /><testcase classname="backend.tests.test_egmg_api.TestContactsListAPI" name="test_get_contacts_list" time="0.131" /><testcase classname="backend.tests.test_egmg_api.TestContactsListAPI" name="test_get_contacts_with_pagination" time="0.113" /><testcase classname="backend.tests.test_egmg_api.TestContactsListAPI" name="test_contact_persistence" time="0.246" /><testcase classname="backend.tests.test_egmg_api.TestEnquiryTypes" name="test_various_enquiry_types[General Enquiry]" time="0.103" /><testcase classname="backend.tests.test_egmg_api.TestEnquiryTypes" name="test_various_enquiry_types[Car Rental]" time="0.100" /><testcase classname="backend.tests.test_egmg_api.TestEnquiryTypes" name="test_various_enquiry_types[Vehicle Leasing]" time="0.154" /><testcase classname="backend.tests.test_egmg_api.TestEnquiryTypes" name="test_various_enquiry_types[Chauffeur Service]" time="0.124" /><testcase classname="backend.tests.test_egmg_api.TestEnquiryTypes" name="test_various_enquiry_types[Corporate Fleet]" time="0.096" /><testcase classname="backend.tests.test_egmg_api.TestEnquiryTypes" name="test_various_enquiry_types[Used Cars]" time="0.101" /><testcase classname="backend.tests.test_egmg_api.TestEnquiryTypes" name="test_various_enquiry_types[Other]" time="0.163" /></testsuite></testsuites>